<?xml version="1.0" encoding="UTF-8"?>
<!-- Generated by org.testng.reporters.JUnitReportReporter -->
<testsuite hostname="DESKTOP-PQVIB8A" failures="0" tests="3" name="qsp.Demo2" time="0.046" errors="0" timestamp="2021-03-01T18:17:18 IST" skipped="0">
  <testcase classname="qsp.Demo2" name="createproject" time="0.022"/>
  <system-out>
createproject  </system-out>
  <testcase classname="qsp.Demo2" name="modifyproject" time="0.019"/>
  <system-out>
modifyproject  </system-out>
  <testcase classname="qsp.Demo2" name="deleteproject" time="0.005"/>
  <system-out>
deleteproject  </system-out>
</testsuite> <!-- qsp.Demo2 -->
