<?xml version="1.0" encoding="UTF-8"?>
<!-- Generated by org.testng.reporters.JUnitReportReporter -->
<testsuite hostname="DESKTOP-PQVIB8A" failures="0" tests="3" name="qsp.Demo1" time="0.084" errors="0" timestamp="2021-03-01T18:17:18 IST" skipped="0">
  <testcase classname="qsp.Demo1" name="createcustomer" time="0.070"/>
  <system-out>
createcustomer  </system-out>
  <testcase classname="qsp.Demo1" name="modifycustomer" time="0.005"/>
  <system-out>
modifycustomer  </system-out>
  <testcase classname="qsp.Demo1" name="deletecustomer" time="0.009"/>
  <system-out>
deletecustomer  </system-out>
</testsuite> <!-- qsp.Demo1 -->
