<?xml version="1.0" encoding="UTF-8"?>
<!-- Generated by org.testng.reporters.JUnitReportReporter -->
<testsuite hostname="DESKTOP-PQVIB8A" failures="0" tests="5" name="qsp.Demo" time="0.024" errors="0" timestamp="2021-03-01T18:17:18 IST" skipped="0">
  <testcase classname="qsp.Demo" name="createcustomer" time="0.004"/>
  <system-out>
createcustomer  </system-out>
  <testcase classname="qsp.Demo" name="deletecustomer" time="0.004"/>
  <system-out>
deletecustomer  </system-out>
  <testcase classname="qsp.Demo" name="modifycustomer" time="0.004"/>
  <system-out>
modifycustomer  </system-out>
  <testcase classname="qsp.Demo" name="createcustomer" time="0.007"/>
  <system-out>
createcustomer  </system-out>
  <testcase classname="qsp.Demo" name="createcustomer" time="0.005"/>
  <system-out>
createcustomer  </system-out>
</testsuite> <!-- qsp.Demo -->
